<?xml version="1.0" encoding="UTF-8"?>
<testng-results ignored="0" total="1" passed="1" failed="0" skipped="0">
  <reporter-output>
  </reporter-output>
  <suite started-at="2021-06-01T18:46:40Z" name="Default suite" finished-at="2021-06-01T18:46:46Z" duration-ms="5471">
    <groups>
    </groups>
    <test started-at="2021-06-01T18:46:40Z" name="Default test" finished-at="2021-06-01T18:46:46Z" duration-ms="5471">
      <class name="testCaseClasses.TestNGAnnotation">
        <test-method signature="verifyGoogleTitle()[pri:0, instance:testCaseClasses.TestNGAnnotation@672872e1]" started-at="2021-06-01T18:46:41Z" name="verifyGoogleTitle" finished-at="2021-06-01T18:46:46Z" duration-ms="5452" status="PASS">
          <reporter-output>
          </reporter-output>
        </test-method> <!-- verifyGoogleTitle -->
      </class> <!-- testCaseClasses.TestNGAnnotation -->
    </test> <!-- Default test -->
  </suite> <!-- Default suite -->
</testng-results>
